<?xml version="1.0" encoding="UTF-8"?>
<!-- Generated by org.testng.reporters.JUnitXMLReporter -->
<testsuite ignored="1" hostname="SHISHIR" failures="0" tests="1" name="Default test" time="7.033" errors="0" timestamp="2023-08-07T18:18:33 BDT">
  <testcase classname="com.parabank.testcases.UpdatePhoneNumberLogoutTest" name="updatePhoneNumber" time="0.516"/>
  <testcase classname="com.parabank.testcases.UpdatePhoneNumberLogoutTest" name="LogOut" time="0.0">
    <ignored/>
  </testcase> <!-- LogOut -->
</testsuite> <!-- Default test -->
