<?xml version="1.0" encoding="UTF-8"?>
<!-- Generated by org.testng.reporters.JUnitXMLReporter -->
<testsuite ignored="0" hostname="SHISHIR" failures="0" tests="10" name="Test" time="53.019" errors="0" timestamp="2023-08-07T18:16:13 BDT">
  <testcase classname="com.parabank.testcases.RegisterTest" name="registerAccounOne" time="1.409"/>
  <testcase classname="com.parabank.testcases.RegisterTest" name="registerAccounOTwo" time="1.335"/>
  <testcase classname="com.parabank.testcases.LoginTest" name="Login" time="1.436"/>
  <testcase classname="com.parabank.testcases.CreateAccountTest" name="createCheckingAccount" time="0.447"/>
  <testcase classname="com.parabank.testcases.CreateAccountTest" name="createSavingsAccountOne" time="0.456"/>
  <testcase classname="com.parabank.testcases.CreateAccountTest" name="createSavingsAccountTwo" time="0.46"/>
  <testcase classname="com.parabank.testcases.TransfarFundTest" name="transfarFundSavingsToSavings" time="0.785"/>
  <testcase classname="com.parabank.testcases.FindTransactionTest" name="transfarFundSavingsToSavings" time="0.536"/>
  <testcase classname="com.parabank.testcases.UpdatePhoneNumberLogoutTest" name="transfarFundSavingsToSavings" time="0.496"/>
  <testcase classname="com.parabank.testcases.UpdatePhoneNumberLogoutTest" name="LogOut" time="0.772"/>
</testsuite> <!-- Test -->
