<?xml version="1.0" encoding="UTF-8"?>
<testng-results ignored="1" total="2" passed="1" failed="0" skipped="0">
  <reporter-output>
  </reporter-output>
  <suite started-at="2023-08-07T18:18:26 BDT" name="Default suite" finished-at="2023-08-07T18:18:33 BDT" duration-ms="7033">
    <groups>
    </groups>
    <test started-at="2023-08-07T18:18:26 BDT" name="Default test" finished-at="2023-08-07T18:18:33 BDT" duration-ms="7033">
      <class name="com.parabank.testcases.UpdatePhoneNumberLogoutTest">
        <test-method is-config="true" signature="setup()[pri:0, instance:com.parabank.testcases.UpdatePhoneNumberLogoutTest@5c6648b0]" started-at="2023-08-07T18:18:26 BDT" name="setup" finished-at="2023-08-07T18:18:32 BDT" duration-ms="6345" status="PASS">
          <reporter-output>
          </reporter-output>
        </test-method> <!-- setup -->
        <test-method signature="updatePhoneNumber()[pri:1, instance:com.parabank.testcases.UpdatePhoneNumberLogoutTest@5c6648b0]" started-at="2023-08-07T18:18:32 BDT" name="updatePhoneNumber" finished-at="2023-08-07T18:18:33 BDT" duration-ms="516" status="PASS">
          <reporter-output>
          </reporter-output>
        </test-method> <!-- updatePhoneNumber -->
        <test-method is-config="true" signature="teardown()[pri:0, instance:com.parabank.testcases.UpdatePhoneNumberLogoutTest@5c6648b0]" started-at="2023-08-07T18:18:33 BDT" name="teardown" finished-at="2023-08-07T18:18:33 BDT" duration-ms="126" status="PASS">
          <reporter-output>
          </reporter-output>
        </test-method> <!-- teardown -->
      </class> <!-- com.parabank.testcases.UpdatePhoneNumberLogoutTest -->
    </test> <!-- Default test -->
  </suite> <!-- Default suite -->
</testng-results>
